[debug] [2026-04-25T11:08:06.625Z] ----------------------------------------------------------------------
[debug] [2026-04-25T11:08:06.635Z] Command:       C:\Program Files\nodejs\node.exe C:\Users\Excellent Store\AppData\Roaming\npm\node_modules\firebase-tools\lib\bin\firebase.js init
[debug] [2026-04-25T11:08:06.636Z] CLI Version:   15.15.0
[debug] [2026-04-25T11:08:06.636Z] Platform:      win32
[debug] [2026-04-25T11:08:06.637Z] Node Version:  v22.15.0
[debug] [2026-04-25T11:08:06.638Z] Time:          Sat Apr 25 2026 14:08:06 GMT+0300 (Eastern European Summer Time)
[debug] [2026-04-25T11:08:06.638Z] ----------------------------------------------------------------------
[debug] 
[info] 
     ######## #### ########  ######## ########     ###     ######  ########
     ##        ##  ##     ## ##       ##     ##  ##   ##  ##       ##
     ######    ##  ########  ######   ########  #########  ######  ######
     ##        ##  ##    ##  ##       ##     ## ##     ##       ## ##
     ##       #### ##     ## ######## ########  ##     ##  ######  ########

You're about to initialize a Firebase project in this directory:

  C:\Users\Excellent Store\OneDrive\Desktop\projects\egyspots claud

[info] 
=== Project Setup
[info] 
[info] First, let's associate this project directory with a Firebase project.
[info] You can create multiple project aliases by running firebase use --add, 
[info] 
[debug] [2026-04-25T11:08:43.728Z] > command requires scopes: ["email","openid","https://www.googleapis.com/auth/cloudplatformprojects.readonly","https://www.googleapis.com/auth/firebase","https://www.googleapis.com/auth/cloud-platform"]
[debug] [2026-04-25T11:08:43.729Z] > authorizing via signed-in user (mohamedkamel146@gmail.com)
[debug] [2026-04-25T11:08:43.754Z] Checked if tokens are valid: false, expires at: 1749833061427
[debug] [2026-04-25T11:08:43.756Z] Checked if tokens are valid: false, expires at: 1749833061427
[debug] [2026-04-25T11:08:43.757Z] > refreshing access token with scopes: []
[debug] [2026-04-25T11:08:43.773Z] >>> [apiv2][query] POST https://www.googleapis.com/oauth2/v3/token [none]
[debug] [2026-04-25T11:08:43.774Z] >>> [apiv2][body] POST https://www.googleapis.com/oauth2/v3/token [omitted]
[debug] [2026-04-25T11:08:44.914Z] <<< [apiv2][status] POST https://www.googleapis.com/oauth2/v3/token 400
[debug] [2026-04-25T11:08:44.915Z] <<< [apiv2][body] POST https://www.googleapis.com/oauth2/v3/token [omitted]
[debug] [2026-04-25T11:08:44.918Z] >>> [apiv2][query] GET https://firebase.googleapis.com/v1beta1/projects pageSize=100
[debug] [2026-04-25T11:08:45.335Z] <<< [apiv2][status] GET https://firebase.googleapis.com/v1beta1/projects 401
[debug] [2026-04-25T11:08:45.335Z] <<< [apiv2][body] GET https://firebase.googleapis.com/v1beta1/projects [omitted]
[debug] [2026-04-25T11:08:45.336Z] Got a 401 Unauthenticated error for a call that required authentication. Refreshing tokens.
[debug] [2026-04-25T11:08:45.336Z] Checked if tokens are valid: false, expires at: 1749833061427
[debug] [2026-04-25T11:08:45.336Z] Checked if tokens are valid: false, expires at: 1749833061427
[debug] [2026-04-25T11:08:45.336Z] > refreshing access token with scopes: []
[debug] [2026-04-25T11:08:45.338Z] >>> [apiv2][query] POST https://www.googleapis.com/oauth2/v3/token [none]
[debug] [2026-04-25T11:08:45.338Z] >>> [apiv2][body] POST https://www.googleapis.com/oauth2/v3/token [omitted]
[debug] [2026-04-25T11:08:45.455Z] <<< [apiv2][status] POST https://www.googleapis.com/oauth2/v3/token 400
[debug] [2026-04-25T11:08:45.456Z] <<< [apiv2][body] POST https://www.googleapis.com/oauth2/v3/token [omitted]
[debug] [2026-04-25T11:08:45.457Z] Request to https://firebase.googleapis.com/v1beta1/projects?pageSize=100 had HTTP Error: 401, Request had invalid authentication credentials. Expected OAuth 2 access token, login cookie or other valid authentication credential. See https://developers.google.com/identity/sign-in/web/devconsole-project.
[debug] [2026-04-25T11:08:45.793Z] FirebaseError: Request to https://firebase.googleapis.com/v1beta1/projects?pageSize=100 had HTTP Error: 401, Request had invalid authentication credentials. Expected OAuth 2 access token, login cookie or other valid authentication credential. See https://developers.google.com/identity/sign-in/web/devconsole-project.
    at responseToError (C:\Users\Excellent Store\AppData\Roaming\npm\node_modules\firebase-tools\lib\responseToError.js:53:12)
    at RetryOperation._fn (C:\Users\Excellent Store\AppData\Roaming\npm\node_modules\firebase-tools\lib\apiv2.js:333:77)
    at process.processTicksAndRejections (node:internal/process/task_queues:105:5)
[error] 
[error] Error: Failed to list Firebase projects. See firebase-debug.log for more info.
